<?xml version="1.0" encoding="UTF-8"?>
<!-- Generated by org.testng.reporters.JUnitXMLReporter -->
<testsuite ignored="0" hostname="Desktop-3511ST" failures="0" tests="4" name="Default test" time="107.324" errors="0" timestamp="2024-12-09T15:30:21 GMT+05:45">
  <testcase classname="test_website.AddToCart" name="clickTheItem" time="0.916"/>
  <testcase classname="test_website.RegisterAccount" name="register" time="28.073"/>
  <testcase classname="test_website.SearchItems" name="searchItems" time="16.328"/>
  <testcase classname="test_website.Cart" name="goToCart" time="61.968"/>
</testsuite> <!-- Default test -->
