<?xml version="1.0" encoding="UTF-8"?>
<testng-results ignored="0" total="4" passed="4" failed="0" skipped="0">
  <reporter-output>
  </reporter-output>
  <suite started-at="2024-12-09T15:28:34 GMT+05:45" name="Default suite" finished-at="2024-12-09T15:30:21 GMT+05:45" duration-ms="107324">
    <groups>
    </groups>
    <test started-at="2024-12-09T15:28:34 GMT+05:45" name="Default test" finished-at="2024-12-09T15:30:21 GMT+05:45" duration-ms="107324">
      <class name="test_website.Cart">
        <test-method is-config="true" signature="openBrowser()[pri:0, instance:test_website.Cart@74235045]" started-at="2024-12-09T15:28:31 GMT+05:45" name="openBrowser" finished-at="2024-12-09T15:28:34 GMT+05:45" duration-ms="2539" status="PASS">
          <reporter-output>
          </reporter-output>
        </test-method> <!-- openBrowser -->
        <test-method signature="clickTheItem()[pri:1, instance:test_website.Cart@74235045]" started-at="2024-12-09T15:28:34 GMT+05:45" name="clickTheItem" finished-at="2024-12-09T15:28:35 GMT+05:45" duration-ms="916" status="PASS">
          <reporter-output>
          </reporter-output>
        </test-method> <!-- clickTheItem -->
        <test-method signature="register()[pri:2, instance:test_website.Cart@74235045]" started-at="2024-12-09T15:28:35 GMT+05:45" name="register" finished-at="2024-12-09T15:29:03 GMT+05:45" duration-ms="28073" status="PASS">
          <reporter-output>
          </reporter-output>
        </test-method> <!-- register -->
        <test-method signature="searchItems()[pri:3, instance:test_website.Cart@74235045]" started-at="2024-12-09T15:29:03 GMT+05:45" name="searchItems" finished-at="2024-12-09T15:29:19 GMT+05:45" duration-ms="16328" status="PASS">
          <reporter-output>
          </reporter-output>
        </test-method> <!-- searchItems -->
        <test-method signature="goToCart()[pri:4, instance:test_website.Cart@74235045]" started-at="2024-12-09T15:29:19 GMT+05:45" name="goToCart" finished-at="2024-12-09T15:30:21 GMT+05:45" duration-ms="61968" status="PASS">
          <reporter-output>
          </reporter-output>
        </test-method> <!-- goToCart -->
        <test-method is-config="true" signature="closeBrowser()[pri:0, instance:test_website.Cart@74235045]" started-at="2024-12-09T15:30:21 GMT+05:45" name="closeBrowser" finished-at="2024-12-09T15:30:37 GMT+05:45" duration-ms="15203" status="PASS">
          <reporter-output>
          </reporter-output>
        </test-method> <!-- closeBrowser -->
      </class> <!-- test_website.Cart -->
    </test> <!-- Default test -->
  </suite> <!-- Default suite -->
</testng-results>
