<?xml version="1.0" encoding="UTF-8"?>
<!-- Generated by org.testng.reporters.JUnitReportReporter -->
<testsuite hostname="Desktop-3511ST" failures="0" tests="4" name="test_website.Cart" time="107.285" errors="0" timestamp="2024-12-09T15:30:37 GMT+05:45" skipped="0">
  <testcase classname="test_website.Cart" name="clickTheItem" time="0.916"/>
  <system-out/>
  <testcase classname="test_website.Cart" name="register" time="28.073"/>
  <system-out/>
  <testcase classname="test_website.Cart" name="searchItems" time="16.328"/>
  <system-out/>
  <testcase classname="test_website.Cart" name="goToCart" time="61.968"/>
  <system-out/>
</testsuite> <!-- test_website.Cart -->
