<?xml version="1.0" encoding="UTF-8"?>
<!-- Generated by org.testng.reporters.JUnitReportReporter -->
<testsuite hostname="Desktop-3511ST" failures="0" tests="3" name="test_website.SearchAnItem" time="8.971" errors="0" timestamp="2024-12-05T14:07:12 GMT+05:45" skipped="0">
  <testcase classname="test_website.SearchAnItem" name="addToCart" time="1.273"/>
  <system-out/>
  <testcase classname="test_website.SearchAnItem" name="register" time="3.806"/>
  <system-out/>
  <testcase classname="test_website.SearchAnItem" name="searchAnItem" time="3.892"/>
  <system-out/>
</testsuite> <!-- test_website.SearchAnItem -->
